Verilog files written for row 1
Preparing data for  Zero.v
filepath:  /mnt/shared-scratch/Rajendran_J/matthewdelorenzo/codellama/h2vFiles/examples/newfile1
/mnt/shared-scratch/Rajendran_J/matthewdelorenzo/codellama/h2vFiles/examples/newfile1/topModule.v , 2 , 1 , 1.3466002941131592
/mnt/shared-scratch/Rajendran_J/matthewdelorenzo/codellama/h2vFiles/examples/newfile2/topModule.v , 2 , 1 , 1.1872589588165283
Similarity Zero.v: 0.040829915553331375

Not pirated
Verilog files written for row 4
Preparing data for  Vector5.v
filepath:  /mnt/shared-scratch/Rajendran_J/matthewdelorenzo/codellama/h2vFiles/examples/newfile1
/mnt/shared-scratch/Rajendran_J/matthewdelorenzo/codellama/h2vFiles/examples/newfile1/topModule.v , 27 , 51 , 1.3339686393737793
/mnt/shared-scratch/Rajendran_J/matthewdelorenzo/codellama/h2vFiles/examples/newfile2/topModule.v , 27 , 51 , 1.225964069366455
Similarity Vector5.v: 0.8523470163345337

Pirated
Verilog files written for row 5
Preparing data for  Vector2.v
filepath:  /mnt/shared-scratch/Rajendran_J/matthewdelorenzo/codellama/h2vFiles/examples/newfile1
/mnt/shared-scratch/Rajendran_J/matthewdelorenzo/codellama/h2vFiles/examples/newfile1/topModule.v , 15 , 17 , 1.267348289489746
/mnt/shared-scratch/Rajendran_J/matthewdelorenzo/codellama/h2vFiles/examples/newfile2/topModule.v , 15 , 17 , 1.2368903160095215
Similarity Vector2.v: 0.6875048875808716

Pirated
Verilog files written for row 6
Preparing data for  Vector0.v
filepath:  /mnt/shared-scratch/Rajendran_J/matthewdelorenzo/codellama/h2vFiles/examples/newfile1
/mnt/shared-scratch/Rajendran_J/matthewdelorenzo/codellama/h2vFiles/examples/newfile1/topModule.v , 15 , 13 , 1.2295024394989014
/mnt/shared-scratch/Rajendran_J/matthewdelorenzo/codellama/h2vFiles/examples/newfile2/topModule.v , 15 , 13 , 1.2566368579864502
Similarity Vector0.v: 0.7647684812545776

Pirated
Verilog files written for row 12
Preparing data for  Thermostat.v
filepath:  /mnt/shared-scratch/Rajendran_J/matthewdelorenzo/codellama/h2vFiles/examples/newfile1
/mnt/shared-scratch/Rajendran_J/matthewdelorenzo/codellama/h2vFiles/examples/newfile1/topModule.v , 14 , 12 , 1.2448525428771973
/mnt/shared-scratch/Rajendran_J/matthewdelorenzo/codellama/h2vFiles/examples/newfile2/topModule.v , 14 , 12 , 1.2711002826690674
Similarity Thermostat.v: 0.9273630380630493

Pirated
Verilog files written for row 13
Preparing data for  Vector3.v
filepath:  /mnt/shared-scratch/Rajendran_J/matthewdelorenzo/codellama/h2vFiles/examples/newfile1
/mnt/shared-scratch/Rajendran_J/matthewdelorenzo/codellama/h2vFiles/examples/newfile1/topModule.v , 14 , 10 , 1.4351365566253662
/mnt/shared-scratch/Rajendran_J/matthewdelorenzo/codellama/h2vFiles/examples/newfile2/topModule.v , 14 , 10 , 1.219332218170166
Similarity Vector3.v: 0.6372836828231812

Pirated
Verilog files written for row 14
Preparing data for  Vector1.v
filepath:  /mnt/shared-scratch/Rajendran_J/matthewdelorenzo/codellama/h2vFiles/examples/newfile1
/mnt/shared-scratch/Rajendran_J/matthewdelorenzo/codellama/h2vFiles/examples/newfile1/topModule.v , 9 , 8 , 1.3144707679748535
/mnt/shared-scratch/Rajendran_J/matthewdelorenzo/codellama/h2vFiles/examples/newfile2/topModule.v , 9 , 8 , 1.314166784286499
Similarity Vector1.v: 0.7024053931236267

Pirated
Verilog files written for row 18
Preparing data for  Step_one.v
filepath:  /mnt/shared-scratch/Rajendran_J/matthewdelorenzo/codellama/h2vFiles/examples/newfile1
/mnt/shared-scratch/Rajendran_J/matthewdelorenzo/codellama/h2vFiles/examples/newfile1/topModule.v , 2 , 1 , 1.3004465103149414
/mnt/shared-scratch/Rajendran_J/matthewdelorenzo/codellama/h2vFiles/examples/newfile2/topModule.v , 2 , 1 , 1.263066291809082
Similarity Step_one.v: 0.040829915553331375

Not pirated
Verilog files written for row 31
Preparing data for  Mux256to1v.v
filepath:  /mnt/shared-scratch/Rajendran_J/matthewdelorenzo/codellama/h2vFiles/examples/newfile1
/mnt/shared-scratch/Rajendran_J/matthewdelorenzo/codellama/h2vFiles/examples/newfile1/topModule.v , 14 , 14 , 1.3423290252685547
/mnt/shared-scratch/Rajendran_J/matthewdelorenzo/codellama/h2vFiles/examples/newfile2/topModule.v , 14 , 14 , 1.3045990467071533
Similarity Mux256to1v.v: 0.8134898543357849

Pirated
Verilog files written for row 53
Preparing data for  Gates.v
filepath:  /mnt/shared-scratch/Rajendran_J/matthewdelorenzo/codellama/h2vFiles/examples/newfile1
/mnt/shared-scratch/Rajendran_J/matthewdelorenzo/codellama/h2vFiles/examples/newfile1/topModule.v , 20 , 25 , 1.2697365283966064
/mnt/shared-scratch/Rajendran_J/matthewdelorenzo/codellama/h2vFiles/examples/newfile2/topModule.v , 20 , 25 , 1.2912771701812744
Similarity Gates.v: 0.9410079717636108

Pirated
Verilog files written for row 72
Preparing data for  Exams_m2014_q3.v
filepath:  /mnt/shared-scratch/Rajendran_J/matthewdelorenzo/codellama/h2vFiles/examples/newfile1
/mnt/shared-scratch/Rajendran_J/matthewdelorenzo/codellama/h2vFiles/examples/newfile1/topModule.v , 70 , 83 , 1.4594342708587646
/mnt/shared-scratch/Rajendran_J/matthewdelorenzo/codellama/h2vFiles/examples/newfile2/topModule.v , 70 , 83 , 1.2731261253356934
Similarity Exams_m2014_q3.v: 0.8712705969810486

Pirated
Verilog files written for row 103
Preparing data for  Conditional.v
filepath:  /mnt/shared-scratch/Rajendran_J/matthewdelorenzo/codellama/h2vFiles/examples/newfile1
/mnt/shared-scratch/Rajendran_J/matthewdelorenzo/codellama/h2vFiles/examples/newfile1/topModule.v , 17 , 19 , 1.3648083209991455
/mnt/shared-scratch/Rajendran_J/matthewdelorenzo/codellama/h2vFiles/examples/newfile2/topModule.v , 17 , 19 , 1.2752947807312012
Similarity Conditional.v: 0.8710323572158813

Pirated
Verilog files saved successfully!
