Unique creativity values for each Verilog file:
7420.v: 1
Alwaysblock1.v: 1
Always_case.v: 1
Always_if.v: 2
Always_nolatches.v: 1
Andgate.v: 1
Conditional.v: 1
Dualedge.v: 1
Exams_m2014_q4h.v: 3
Gates.v: 2
Gates100.v: 2
Kmap1.v: 1
Mt2015_eq2.v: 1
Mux256to1.v: 1
Mux2to1.v: 2
Mux2to1v.v: 2
Mux9to1v.v: 1
Norgate.v: 1
Reduction.v: 2
Step_one.v: 1
Thermostat.v: 3
Vector0.v: 1
Vector1.v: 1
Vector4.v: 1
Vectorr.v: 1
Wire.v: 1
Wire4.v: 1
Xnorgate.v: 2
Zero.v: 4
Average unique:  1.4827586206896552
Minimum similarity values for each Verilog file:
7420.v: 0.785717
Alwaysblock1.v: 0.787557
Always_case.v: 0.850377
Always_if.v: 0.494229
Always_nolatches.v: 0.913807
Andgate.v: 0.085297
Conditional.v: 0.904086
Dualedge.v: 0.727285
Exams_m2014_q4h.v: -0.627545
Gates.v: 0.752788
Gates100.v: 0.652312
Kmap1.v: 0.045376
Mt2015_eq2.v: 0.070902
Mux256to1.v: 0.674383
Mux2to1.v: 0.495579
Mux2to1v.v: 0.495579
Mux9to1v.v: 0.681791
Norgate.v: -0.351142
Reduction.v: -0.144737
Step_one.v: 0.040830
Thermostat.v: 0.373759
Vector0.v: 0.642797
Vector1.v: 0.702405
Vector4.v: 0.037593
Vectorr.v: 0.604471
Wire.v: 0.169680
Wire4.v: 0.637756
Xnorgate.v: 0.056599
Zero.v: -0.512262

Average minimum similarity: 0.380940
