Unique creativity values for each Verilog file:
7420.v: 2
7458.v: 1
Alwaysblock1.v: 1
Always_case.v: 1
Always_case2.v: 4
Always_casez.v: 2
Always_if.v: 1
Always_nolatches.v: 2
Andgate.v: 1
Exams_2012_q1g.v: 1
Exams_ece241_2013_q2.v: 1
Exams_ece241_2014_q1c.v: 1
Exams_m2014_q4a.v: 2
Exams_m2014_q4h.v: 1
Fadd.v: 2
Gates.v: 2
Gates100.v: 1
Gates4.v: 1
Hadd.v: 1
Kmap1.v: 1
Kmap3.v: 1
Mt2015_eq2.v: 1
Mt2015_q4a.v: 1
Mux256to1.v: 1
Mux256to1v.v: 1
Mux2to1.v: 1
Mux2to1v.v: 1
Reduction.v: 1
Ringer.v: 1
Step_one.v: 1
Thermostat.v: 2
Vector0.v: 1
Vector1.v: 1
Vector2.v: 1
Vector3.v: 1
Vector4.v: 1
Vectorr.v: 1
Wire.v: 1
Wire4.v: 1
Xnorgate.v: 1
Zero.v: 1
Average unique:  1.2439024390243902
Minimum similarity values for each Verilog file:
7420.v: -0.425329
7458.v: 0.883155
Alwaysblock1.v: 0.787557
Always_case.v: 0.850377
Always_case2.v: 0.476117
Always_casez.v: 0.592397
Always_if.v: 0.934063
Always_nolatches.v: 0.913807
Andgate.v: 0.128932
Exams_2012_q1g.v: 0.776934
Exams_ece241_2013_q2.v: 0.879602
Exams_ece241_2014_q1c.v: 0.854002
Exams_m2014_q4a.v: 0.257676
Exams_m2014_q4h.v: 0.169680
Fadd.v: 0.869716
Gates.v: 0.844536
Gates100.v: 0.697302
Gates4.v: 0.879478
Hadd.v: 0.256897
Kmap1.v: 0.040125
Kmap3.v: 0.886630
Mt2015_eq2.v: -0.338395
Mt2015_q4a.v: 0.408516
Mux256to1.v: 0.674383
Mux256to1v.v: 0.813490
Mux2to1.v: 0.495579
Mux2to1v.v: 0.495579
Reduction.v: -0.144737
Ringer.v: 0.711585
Step_one.v: 0.040830
Thermostat.v: 0.926944
Vector0.v: 0.642797
Vector1.v: 0.702405
Vector2.v: 0.687505
Vector3.v: 0.637284
Vector4.v: -0.628088
Vectorr.v: 0.604471
Wire.v: 0.169680
Wire4.v: 0.637756
Xnorgate.v: 0.146017
Zero.v: 0.040830

Average minimum similarity: 0.494587
