Unique creativity values for each Verilog file:
7420.v: 1
Alwaysblock1.v: 1
Always_case.v: 1
Always_casez.v: 2
Always_if.v: 2
Always_nolatches.v: 1
Andgate.v: 2
Conditional.v: 2
Exams_m2014_q4h.v: 3
Gates.v: 1
Gates100.v: 1
Gates4.v: 1
Hadd.v: 1
Mt2015_eq2.v: 4
Mt2015_q4a.v: 1
Mux256to1.v: 1
Mux256to1v.v: 1
Mux2to1.v: 2
Mux2to1v.v: 2
Mux9to1v.v: 1
Norgate.v: 2
Reduction.v: 2
Ringer.v: 2
Step_one.v: 1
Thermostat.v: 6
Vector0.v: 1
Vector1.v: 1
Vector2.v: 2
Vector3.v: 1
Vector4.v: 2
Vector5.v: 1
Vectorr.v: 1
Wire.v: 2
Wire4.v: 1
Xnorgate.v: 1
Zero.v: 1
Average unique:  1.6111111111111112
Minimum similarity values for each Verilog file:
7420.v: 0.184190
Alwaysblock1.v: 0.787557
Always_case.v: 0.850377
Always_casez.v: 0.815119
Always_if.v: 0.934063
Always_nolatches.v: 0.913807
Andgate.v: 0.085297
Conditional.v: 0.843717
Exams_m2014_q4h.v: -0.171098
Gates.v: 0.941008
Gates100.v: 0.697302
Gates4.v: 0.840894
Hadd.v: 0.192462
Mt2015_eq2.v: -0.338395
Mt2015_q4a.v: 0.408516
Mux256to1.v: 0.674383
Mux256to1v.v: 0.501594
Mux2to1.v: 0.495579
Mux2to1v.v: 0.495579
Mux9to1v.v: 0.681791
Norgate.v: -0.351142
Reduction.v: -0.144737
Ringer.v: 0.502496
Step_one.v: 0.040830
Thermostat.v: 0.373759
Vector0.v: 0.642797
Vector1.v: 0.702405
Vector2.v: 0.362147
Vector3.v: 0.557724
Vector4.v: -0.628088
Vector5.v: 0.644110
Vectorr.v: 0.604471
Wire.v: -0.627545
Wire4.v: 0.637756
Xnorgate.v: 0.056599
Zero.v: 0.040830

Average minimum similarity: 0.395782
